[17-Mar-2024 03:11:36 UTC] PHP Parse error:  syntax error, unexpected token "<" in C:\Apache24\htdocs\CSE466_Voting\landing.html on line 50
[17-Mar-2024 03:11:52 UTC] PHP Parse error:  syntax error, unexpected token "<" in C:\Apache24\htdocs\CSE466_Voting\landing.html on line 50
[17-Mar-2024 03:11:53 UTC] PHP Parse error:  syntax error, unexpected token "<" in C:\Apache24\htdocs\CSE466_Voting\landing.html on line 50
[17-Mar-2024 03:11:56 UTC] PHP Parse error:  syntax error, unexpected token "<" in C:\Apache24\htdocs\CSE466_Voting\landing.html on line 50
[17-Mar-2024 03:12:30 UTC] PHP Parse error:  syntax error, unexpected token "<" in C:\Apache24\htdocs\CSE466_Voting\landing.html on line 50
[17-Mar-2024 03:12:31 UTC] PHP Parse error:  syntax error, unexpected token "<" in C:\Apache24\htdocs\CSE466_Voting\landing.html on line 50
[17-Mar-2024 03:12:31 UTC] PHP Parse error:  syntax error, unexpected token "<" in C:\Apache24\htdocs\CSE466_Voting\landing.html on line 50
[17-Mar-2024 03:12:32 UTC] PHP Parse error:  syntax error, unexpected token "<" in C:\Apache24\htdocs\CSE466_Voting\landing.html on line 50
[17-Mar-2024 03:12:46 UTC] PHP Parse error:  syntax error, unexpected token "}", expecting "," or ";" in C:\Apache24\htdocs\CSE466_Voting\landing.html on line 53
[17-Mar-2024 03:13:00 UTC] PHP Warning:  Undefined global variable $_SESSION in C:\Apache24\htdocs\CSE466_Voting\landing.html on line 49
[17-Mar-2024 03:13:00 UTC] PHP Warning:  Trying to access array offset on null in C:\Apache24\htdocs\CSE466_Voting\landing.html on line 49
[17-Mar-2024 03:14:26 UTC] PHP Warning:  Undefined global variable $_SESSION in C:\Apache24\htdocs\CSE466_Voting\landing.html on line 49
[17-Mar-2024 03:14:26 UTC] PHP Warning:  Trying to access array offset on null in C:\Apache24\htdocs\CSE466_Voting\landing.html on line 49
[17-Mar-2024 03:14:56 UTC] PHP Warning:  Undefined array key "loggedIn" in C:\Apache24\htdocs\CSE466_Voting\PHP\vote.php on line 4
[17-Mar-2024 03:14:57 UTC] PHP Warning:  Undefined array key "loggedIn" in C:\Apache24\htdocs\CSE466_Voting\PHP\view.php on line 4
[17-Mar-2024 03:14:59 UTC] PHP Warning:  Undefined array key "loggedIn" in C:\Apache24\htdocs\CSE466_Voting\PHP\view.php on line 4
[17-Mar-2024 03:15:49 UTC] PHP Parse error:  syntax error, unexpected token ";" in C:\Apache24\htdocs\CSE466_Voting\landing.html on line 49
[17-Mar-2024 03:15:54 UTC] PHP Warning:  Undefined global variable $_SESSION in C:\Apache24\htdocs\CSE466_Voting\landing.html on line 49
[17-Mar-2024 03:15:54 UTC] PHP Warning:  Trying to access array offset on null in C:\Apache24\htdocs\CSE466_Voting\landing.html on line 49
[17-Mar-2024 03:16:20 UTC] PHP Warning:  Undefined array key "loggedIn" in C:\Apache24\htdocs\CSE466_Voting\landing.html on line 49
[17-Mar-2024 03:16:23 UTC] PHP Warning:  Undefined array key "loggedIn" in C:\Apache24\htdocs\CSE466_Voting\PHP\vote.php on line 4
[17-Mar-2024 03:16:23 UTC] PHP Warning:  Undefined array key "loggedIn" in C:\Apache24\htdocs\CSE466_Voting\landing.html on line 49
[17-Mar-2024 03:16:49 UTC] PHP Warning:  Undefined array key "loggedin" in C:\Apache24\htdocs\CSE466_Voting\landing.html on line 49
[17-Mar-2024 03:16:50 UTC] PHP Warning:  Undefined array key "loggedin" in C:\Apache24\htdocs\CSE466_Voting\landing.html on line 49
[17-Mar-2024 03:16:54 UTC] PHP Warning:  Undefined array key "loggedIn" in C:\Apache24\htdocs\CSE466_Voting\landing.html on line 49
[17-Mar-2024 03:17:01 UTC] PHP Warning:  Undefined array key "loggedIn" in C:\Apache24\htdocs\CSE466_Voting\PHP\vote.php on line 4
[17-Mar-2024 03:17:02 UTC] PHP Warning:  Undefined array key "loggedIn" in C:\Apache24\htdocs\CSE466_Voting\landing.html on line 49
[17-Mar-2024 03:17:18 UTC] PHP Warning:  Undefined array key "loggedIn" in C:\Apache24\htdocs\CSE466_Voting\PHP\vote.php on line 4
[17-Mar-2024 03:17:19 UTC] PHP Warning:  Undefined array key "loggedIn" in C:\Apache24\htdocs\CSE466_Voting\PHP\vote.php on line 4
[17-Mar-2024 03:17:20 UTC] PHP Warning:  Undefined array key "loggedIn" in C:\Apache24\htdocs\CSE466_Voting\PHP\view.php on line 4
[17-Mar-2024 03:17:25 UTC] PHP Notice:  session_start(): Ignoring session_start() because a session is already active (started from C:\Apache24\htdocs\CSE466_Voting\PHP\login.php on line 2) in C:\Apache24\htdocs\CSE466_Voting\PHP\login.php on line 65
[17-Mar-2024 03:18:39 UTC] PHP Warning:  Undefined array key "loggedin" in C:\Apache24\htdocs\CSE466_Voting\landing.html on line 51
[17-Mar-2024 03:18:39 UTC] PHP Warning:  Undefined array key "loggedin" in C:\Apache24\htdocs\CSE466_Voting\landing.html on line 52
[17-Mar-2024 03:18:56 UTC] PHP Warning:  Undefined array key "loggedin" in C:\Apache24\htdocs\CSE466_Voting\landing.html on line 51
[17-Mar-2024 03:18:56 UTC] PHP Warning:  Undefined array key "loggedin" in C:\Apache24\htdocs\CSE466_Voting\landing.html on line 52
[17-Mar-2024 03:21:16 UTC] PHP Notice:  session_start(): Ignoring session_start() because a session is already active (started from C:\Apache24\htdocs\CSE466_Voting\PHP\login.php on line 2) in C:\Apache24\htdocs\CSE466_Voting\PHP\login.php on line 65
